<?xml version="1.0" encoding="UTF-8"?>
<!-- Generated by org.testng.reporters.JUnitXMLReporter -->
<testsuite ignored="3" hostname="SWEDSR" failures="0" tests="0" time="0.01" errors="0" timestamp="2023-02-08T23:03:26 IST">
  <testcase classname="org.Testcases.LoginVerification" name="test3" time="0.0">
    <ignored/>
  </testcase> <!-- test3 -->
  <testcase classname="org.Testcases.LoginVerification" name="Test1" time="0.0">
    <ignored/>
  </testcase> <!-- Test1 -->
  <testcase classname="org.Testcases.LoginVerification" name="test2" time="0.0">
    <ignored/>
  </testcase> <!-- test2 -->
</testsuite>
